!SESSION 2022-10-12 12:22:25.333 -----------------------------------------------
eclipse.buildId=unknown
java.version=11.0.16
java.vendor=Oracle Corporation
BootLoader constants: OS=linux, ARCH=x86_64, WS=gtk, NL=en_US
Framework arguments:  --console LTLAutomizerC.xml simple.c --settings Default.epf
Command-line arguments:  -os linux -ws gtk -arch x86_64 --console -consoleLog -data @user.home/.ultimate LTLAutomizerC.xml simple.c --settings Default.epf

!ENTRY AutomataScriptParser 4 0 2022-10-12 12:22:25.868
!MESSAGE FrameworkEvent ERROR
!STACK 0
org.osgi.framework.BundleException: Could not resolve module: AutomataScriptParser [3]
  Unresolved requirement: Require-Bundle: UltimateCore
    -> Bundle-SymbolicName: UltimateCore; bundle-version="0.0.1"; singleton:="true"
       UltimateCore [18]
         Unresolved requirement: Require-Bundle: Library-SMTLIB
           -> Bundle-SymbolicName: Library-SMTLIB; bundle-version="0.0.1"
              Library-SMTLIB [12]
                Unresolved requirement: Require-Bundle: Library-UltimateUtil
                  -> Bundle-SymbolicName: Library-UltimateUtil; bundle-version="0.0.1"
                     Library-UltimateUtil [13]
                       Unresolved requirement: Require-Capability: osgi.ee; filter:="(&(osgi.ee=JavaSE)(version=1.7))"

	at org.eclipse.osgi.container.Module.start(Module.java:434)
	at org.eclipse.osgi.container.ModuleContainer$ContainerStartLevel.incStartLevel(ModuleContainer.java:1582)
	at org.eclipse.osgi.container.ModuleContainer$ContainerStartLevel.incStartLevel(ModuleContainer.java:1561)
	at org.eclipse.osgi.container.ModuleContainer$ContainerStartLevel.doContainerStartLevel(ModuleContainer.java:1533)
	at org.eclipse.osgi.container.ModuleContainer$ContainerStartLevel.dispatchEvent(ModuleContainer.java:1476)
	at org.eclipse.osgi.container.ModuleContainer$ContainerStartLevel.dispatchEvent(ModuleContainer.java:1)
	at org.eclipse.osgi.framework.eventmgr.EventManager.dispatchEvent(EventManager.java:230)
	at org.eclipse.osgi.framework.eventmgr.EventManager$EventThread.run(EventManager.java:340)

!ENTRY BoogieParser 4 0 2022-10-12 12:22:25.870
!MESSAGE FrameworkEvent ERROR
!STACK 0
org.osgi.framework.BundleException: Could not resolve module: BoogieParser [4]
  Unresolved requirement: Require-Bundle: UltimateCore
    -> Bundle-SymbolicName: UltimateCore; bundle-version="0.0.1"; singleton:="true"
       UltimateCore [18]
         Unresolved requirement: Require-Bundle: Library-SMTLIB
           -> Bundle-SymbolicName: Library-SMTLIB; bundle-version="0.0.1"
              Library-SMTLIB [12]
                Unresolved requirement: Require-Bundle: Library-UltimateUtil
                  -> Bundle-SymbolicName: Library-UltimateUtil; bundle-version="0.0.1"
                     Library-UltimateUtil [13]
                       Unresolved requirement: Require-Capability: osgi.ee; filter:="(&(osgi.ee=JavaSE)(version=1.7))"

	at org.eclipse.osgi.container.Module.start(Module.java:434)
	at org.eclipse.osgi.container.ModuleContainer$ContainerStartLevel.incStartLevel(ModuleContainer.java:1582)
	at org.eclipse.osgi.container.ModuleContainer$ContainerStartLevel.incStartLevel(ModuleContainer.java:1561)
	at org.eclipse.osgi.container.ModuleContainer$ContainerStartLevel.doContainerStartLevel(ModuleContainer.java:1533)
	at org.eclipse.osgi.container.ModuleContainer$ContainerStartLevel.dispatchEvent(ModuleContainer.java:1476)
	at org.eclipse.osgi.container.ModuleContainer$ContainerStartLevel.dispatchEvent(ModuleContainer.java:1)
	at org.eclipse.osgi.framework.eventmgr.EventManager.dispatchEvent(EventManager.java:230)
	at org.eclipse.osgi.framework.eventmgr.EventManager$EventThread.run(EventManager.java:340)

!ENTRY BoogiePreprocessor 4 0 2022-10-12 12:22:25.871
!MESSAGE FrameworkEvent ERROR
!STACK 0
org.osgi.framework.BundleException: Could not resolve module: BoogiePreprocessor [5]
  Unresolved requirement: Require-Bundle: Library-UltimateUtil
    -> Bundle-SymbolicName: Library-UltimateUtil; bundle-version="0.0.1"
       Library-UltimateUtil [13]
         Unresolved requirement: Require-Capability: osgi.ee; filter:="(&(osgi.ee=JavaSE)(version=1.7))"

	at org.eclipse.osgi.container.Module.start(Module.java:434)
	at org.eclipse.osgi.container.ModuleContainer$ContainerStartLevel.incStartLevel(ModuleContainer.java:1582)
	at org.eclipse.osgi.container.ModuleContainer$ContainerStartLevel.incStartLevel(ModuleContainer.java:1561)
	at org.eclipse.osgi.container.ModuleContainer$ContainerStartLevel.doContainerStartLevel(ModuleContainer.java:1533)
	at org.eclipse.osgi.container.ModuleContainer$ContainerStartLevel.dispatchEvent(ModuleContainer.java:1476)
	at org.eclipse.osgi.container.ModuleContainer$ContainerStartLevel.dispatchEvent(ModuleContainer.java:1)
	at org.eclipse.osgi.framework.eventmgr.EventManager.dispatchEvent(EventManager.java:230)
	at org.eclipse.osgi.framework.eventmgr.EventManager$EventThread.run(EventManager.java:340)

!ENTRY CDTParser 4 0 2022-10-12 12:22:25.871
!MESSAGE FrameworkEvent ERROR
!STACK 0
org.osgi.framework.BundleException: Could not resolve module: CDTParser [6]
  Unresolved requirement: Require-Bundle: UltimateCore
    -> Bundle-SymbolicName: UltimateCore; bundle-version="0.0.1"; singleton:="true"
       UltimateCore [18]
         Unresolved requirement: Require-Bundle: Library-SMTLIB
           -> Bundle-SymbolicName: Library-SMTLIB; bundle-version="0.0.1"
              Library-SMTLIB [12]
                Unresolved requirement: Require-Bundle: Library-UltimateUtil
                  -> Bundle-SymbolicName: Library-UltimateUtil; bundle-version="0.0.1"
                     Library-UltimateUtil [13]
                       Unresolved requirement: Require-Capability: osgi.ee; filter:="(&(osgi.ee=JavaSE)(version=1.7))"

	at org.eclipse.osgi.container.Module.start(Module.java:434)
	at org.eclipse.osgi.container.ModuleContainer$ContainerStartLevel.incStartLevel(ModuleContainer.java:1582)
	at org.eclipse.osgi.container.ModuleContainer$ContainerStartLevel.incStartLevel(ModuleContainer.java:1561)
	at org.eclipse.osgi.container.ModuleContainer$ContainerStartLevel.doContainerStartLevel(ModuleContainer.java:1533)
	at org.eclipse.osgi.container.ModuleContainer$ContainerStartLevel.dispatchEvent(ModuleContainer.java:1476)
	at org.eclipse.osgi.container.ModuleContainer$ContainerStartLevel.dispatchEvent(ModuleContainer.java:1)
	at org.eclipse.osgi.framework.eventmgr.EventManager.dispatchEvent(EventManager.java:230)
	at org.eclipse.osgi.framework.eventmgr.EventManager$EventThread.run(EventManager.java:340)

!ENTRY SMTInterpol 4 0 2022-10-12 12:22:25.872
!MESSAGE FrameworkEvent ERROR
!STACK 0
org.osgi.framework.BundleException: Could not resolve module: SMTInterpol [15]
  Unresolved requirement: Require-Bundle: Library-SMTLIB
    -> Bundle-SymbolicName: Library-SMTLIB; bundle-version="0.0.1"
       Library-SMTLIB [12]
         Unresolved requirement: Require-Bundle: Library-UltimateUtil
           -> Bundle-SymbolicName: Library-UltimateUtil; bundle-version="0.0.1"
              Library-UltimateUtil [13]
                Unresolved requirement: Require-Capability: osgi.ee; filter:="(&(osgi.ee=JavaSE)(version=1.7))"

	at org.eclipse.osgi.container.Module.start(Module.java:434)
	at org.eclipse.osgi.container.ModuleContainer$ContainerStartLevel.incStartLevel(ModuleContainer.java:1582)
	at org.eclipse.osgi.container.ModuleContainer$ContainerStartLevel.incStartLevel(ModuleContainer.java:1561)
	at org.eclipse.osgi.container.ModuleContainer$ContainerStartLevel.doContainerStartLevel(ModuleContainer.java:1533)
	at org.eclipse.osgi.container.ModuleContainer$ContainerStartLevel.dispatchEvent(ModuleContainer.java:1476)
	at org.eclipse.osgi.container.ModuleContainer$ContainerStartLevel.dispatchEvent(ModuleContainer.java:1)
	at org.eclipse.osgi.framework.eventmgr.EventManager.dispatchEvent(EventManager.java:230)
	at org.eclipse.osgi.framework.eventmgr.EventManager$EventThread.run(EventManager.java:340)

!ENTRY UltimateCore 4 0 2022-10-12 12:22:25.873
!MESSAGE FrameworkEvent ERROR
!STACK 0
org.osgi.framework.BundleException: Could not resolve module: UltimateCore [18]
  Unresolved requirement: Require-Bundle: Library-SMTLIB
    -> Bundle-SymbolicName: Library-SMTLIB; bundle-version="0.0.1"
       Library-SMTLIB [12]
         Unresolved requirement: Require-Bundle: Library-UltimateUtil
           -> Bundle-SymbolicName: Library-UltimateUtil; bundle-version="0.0.1"
              Library-UltimateUtil [13]
                Unresolved requirement: Require-Capability: osgi.ee; filter:="(&(osgi.ee=JavaSE)(version=1.7))"

	at org.eclipse.osgi.container.Module.start(Module.java:434)
	at org.eclipse.osgi.container.ModuleContainer$ContainerStartLevel.incStartLevel(ModuleContainer.java:1582)
	at org.eclipse.osgi.container.ModuleContainer$ContainerStartLevel.incStartLevel(ModuleContainer.java:1561)
	at org.eclipse.osgi.container.ModuleContainer$ContainerStartLevel.doContainerStartLevel(ModuleContainer.java:1533)
	at org.eclipse.osgi.container.ModuleContainer$ContainerStartLevel.dispatchEvent(ModuleContainer.java:1476)
	at org.eclipse.osgi.container.ModuleContainer$ContainerStartLevel.dispatchEvent(ModuleContainer.java:1)
	at org.eclipse.osgi.framework.eventmgr.EventManager.dispatchEvent(EventManager.java:230)
	at org.eclipse.osgi.framework.eventmgr.EventManager$EventThread.run(EventManager.java:340)

!ENTRY de.uni_freiburg.informatik.ultimate.automata 4 0 2022-10-12 12:22:25.873
!MESSAGE FrameworkEvent ERROR
!STACK 0
org.osgi.framework.BundleException: Could not resolve module: de.uni_freiburg.informatik.ultimate.automata [20]
  Unresolved requirement: Import-Package: de.uni_freiburg.informatik.ultimate.smtinterpol.smtlib2
    -> Export-Package: de.uni_freiburg.informatik.ultimate.smtinterpol.smtlib2; bundle-symbolic-name="SMTInterpol"; bundle-version="2.0.0"; version="0.0.0"
       SMTInterpol [15]
         Unresolved requirement: Require-Bundle: Library-SMTLIB
           -> Bundle-SymbolicName: Library-SMTLIB; bundle-version="0.0.1"
              Library-SMTLIB [12]
                Unresolved requirement: Require-Bundle: Library-UltimateUtil
                  -> Bundle-SymbolicName: Library-UltimateUtil; bundle-version="0.0.1"
                     Library-UltimateUtil [13]
                       Unresolved requirement: Require-Capability: osgi.ee; filter:="(&(osgi.ee=JavaSE)(version=1.7))"

	at org.eclipse.osgi.container.Module.start(Module.java:434)
	at org.eclipse.osgi.container.ModuleContainer$ContainerStartLevel.incStartLevel(ModuleContainer.java:1582)
	at org.eclipse.osgi.container.ModuleContainer$ContainerStartLevel.incStartLevel(ModuleContainer.java:1561)
	at org.eclipse.osgi.container.ModuleContainer$ContainerStartLevel.doContainerStartLevel(ModuleContainer.java:1533)
	at org.eclipse.osgi.container.ModuleContainer$ContainerStartLevel.dispatchEvent(ModuleContainer.java:1476)
	at org.eclipse.osgi.container.ModuleContainer$ContainerStartLevel.dispatchEvent(ModuleContainer.java:1)
	at org.eclipse.osgi.framework.eventmgr.EventManager.dispatchEvent(EventManager.java:230)
	at org.eclipse.osgi.framework.eventmgr.EventManager$EventThread.run(EventManager.java:340)

!ENTRY de.uni_freiburg.informatik.ultimate.boogie.printer 4 0 2022-10-12 12:22:25.874
!MESSAGE FrameworkEvent ERROR
!STACK 0
org.osgi.framework.BundleException: Could not resolve module: de.uni_freiburg.informatik.ultimate.boogie.printer [21]
  Unresolved requirement: Require-Bundle: UltimateCore
    -> Bundle-SymbolicName: UltimateCore; bundle-version="0.0.1"; singleton:="true"
       UltimateCore [18]
         Unresolved requirement: Require-Bundle: Library-SMTLIB
           -> Bundle-SymbolicName: Library-SMTLIB; bundle-version="0.0.1"
              Library-SMTLIB [12]
                Unresolved requirement: Require-Bundle: Library-UltimateUtil
                  -> Bundle-SymbolicName: Library-UltimateUtil; bundle-version="0.0.1"
                     Library-UltimateUtil [13]
                       Unresolved requirement: Require-Capability: osgi.ee; filter:="(&(osgi.ee=JavaSE)(version=1.7))"

	at org.eclipse.osgi.container.Module.start(Module.java:434)
	at org.eclipse.osgi.container.ModuleContainer$ContainerStartLevel.incStartLevel(ModuleContainer.java:1582)
	at org.eclipse.osgi.container.ModuleContainer$ContainerStartLevel.incStartLevel(ModuleContainer.java:1561)
	at org.eclipse.osgi.container.ModuleContainer$ContainerStartLevel.doContainerStartLevel(ModuleContainer.java:1533)
	at org.eclipse.osgi.container.ModuleContainer$ContainerStartLevel.dispatchEvent(ModuleContainer.java:1476)
	at org.eclipse.osgi.container.ModuleContainer$ContainerStartLevel.dispatchEvent(ModuleContainer.java:1)
	at org.eclipse.osgi.framework.eventmgr.EventManager.dispatchEvent(EventManager.java:230)
	at org.eclipse.osgi.framework.eventmgr.EventManager$EventThread.run(EventManager.java:340)

!ENTRY de.uni_freiburg.informatik.ultimate.buchiprogramproduct 4 0 2022-10-12 12:22:25.874
!MESSAGE FrameworkEvent ERROR
!STACK 0
org.osgi.framework.BundleException: Could not resolve module: de.uni_freiburg.informatik.ultimate.buchiprogramproduct [22]
  Unresolved requirement: Require-Bundle: Library-UltimateUtil
    -> Bundle-SymbolicName: Library-UltimateUtil; bundle-version="0.0.1"
       Library-UltimateUtil [13]
         Unresolved requirement: Require-Capability: osgi.ee; filter:="(&(osgi.ee=JavaSE)(version=1.7))"

	at org.eclipse.osgi.container.Module.start(Module.java:434)
	at org.eclipse.osgi.container.ModuleContainer$ContainerStartLevel.incStartLevel(ModuleContainer.java:1582)
	at org.eclipse.osgi.container.ModuleContainer$ContainerStartLevel.incStartLevel(ModuleContainer.java:1561)
	at org.eclipse.osgi.container.ModuleContainer$ContainerStartLevel.doContainerStartLevel(ModuleContainer.java:1533)
	at org.eclipse.osgi.container.ModuleContainer$ContainerStartLevel.dispatchEvent(ModuleContainer.java:1476)
	at org.eclipse.osgi.container.ModuleContainer$ContainerStartLevel.dispatchEvent(ModuleContainer.java:1)
	at org.eclipse.osgi.framework.eventmgr.EventManager.dispatchEvent(EventManager.java:230)
	at org.eclipse.osgi.framework.eventmgr.EventManager$EventThread.run(EventManager.java:340)

!ENTRY de.uni_freiburg.informatik.ultimate.ltl2aut 4 0 2022-10-12 12:22:25.875
!MESSAGE FrameworkEvent ERROR
!STACK 0
org.osgi.framework.BundleException: Could not resolve module: de.uni_freiburg.informatik.ultimate.ltl2aut [23]
  Unresolved requirement: Require-Bundle: UltimateCore
    -> Bundle-SymbolicName: UltimateCore; bundle-version="0.0.1"; singleton:="true"
       UltimateCore [18]
         Unresolved requirement: Require-Bundle: Library-SMTLIB
           -> Bundle-SymbolicName: Library-SMTLIB; bundle-version="0.0.1"
              Library-SMTLIB [12]
                Unresolved requirement: Require-Bundle: Library-UltimateUtil
                  -> Bundle-SymbolicName: Library-UltimateUtil; bundle-version="0.0.1"
                     Library-UltimateUtil [13]
                       Unresolved requirement: Require-Capability: osgi.ee; filter:="(&(osgi.ee=JavaSE)(version=1.7))"

	at org.eclipse.osgi.container.Module.start(Module.java:434)
	at org.eclipse.osgi.container.ModuleContainer$ContainerStartLevel.incStartLevel(ModuleContainer.java:1582)
	at org.eclipse.osgi.container.ModuleContainer$ContainerStartLevel.incStartLevel(ModuleContainer.java:1561)
	at org.eclipse.osgi.container.ModuleContainer$ContainerStartLevel.doContainerStartLevel(ModuleContainer.java:1533)
	at org.eclipse.osgi.container.ModuleContainer$ContainerStartLevel.dispatchEvent(ModuleContainer.java:1476)
	at org.eclipse.osgi.container.ModuleContainer$ContainerStartLevel.dispatchEvent(ModuleContainer.java:1)
	at org.eclipse.osgi.framework.eventmgr.EventManager.dispatchEvent(EventManager.java:230)
	at org.eclipse.osgi.framework.eventmgr.EventManager$EventThread.run(EventManager.java:340)

!ENTRY de.uni_freiburg.informatik.ultimate.plugins.analysis.abstractinterpretation 4 0 2022-10-12 12:22:25.875
!MESSAGE FrameworkEvent ERROR
!STACK 0
org.osgi.framework.BundleException: Could not resolve module: de.uni_freiburg.informatik.ultimate.plugins.analysis.abstractinterpretation [24]
  Unresolved requirement: Require-Bundle: UltimateCore
    -> Bundle-SymbolicName: UltimateCore; bundle-version="0.0.1"; singleton:="true"
       UltimateCore [18]
         Unresolved requirement: Require-Bundle: Library-SMTLIB
           -> Bundle-SymbolicName: Library-SMTLIB; bundle-version="0.0.1"
              Library-SMTLIB [12]
                Unresolved requirement: Require-Bundle: Library-UltimateUtil
                  -> Bundle-SymbolicName: Library-UltimateUtil; bundle-version="0.0.1"
                     Library-UltimateUtil [13]
                       Unresolved requirement: Require-Capability: osgi.ee; filter:="(&(osgi.ee=JavaSE)(version=1.7))"

	at org.eclipse.osgi.container.Module.start(Module.java:434)
	at org.eclipse.osgi.container.ModuleContainer$ContainerStartLevel.incStartLevel(ModuleContainer.java:1582)
	at org.eclipse.osgi.container.ModuleContainer$ContainerStartLevel.incStartLevel(ModuleContainer.java:1561)
	at org.eclipse.osgi.container.ModuleContainer$ContainerStartLevel.doContainerStartLevel(ModuleContainer.java:1533)
	at org.eclipse.osgi.container.ModuleContainer$ContainerStartLevel.dispatchEvent(ModuleContainer.java:1476)
	at org.eclipse.osgi.container.ModuleContainer$ContainerStartLevel.dispatchEvent(ModuleContainer.java:1)
	at org.eclipse.osgi.framework.eventmgr.EventManager.dispatchEvent(EventManager.java:230)
	at org.eclipse.osgi.framework.eventmgr.EventManager$EventThread.run(EventManager.java:340)

!ENTRY de.uni_freiburg.informatik.ultimate.plugins.analysis.irsdependencies 4 0 2022-10-12 12:22:25.876
!MESSAGE FrameworkEvent ERROR
!STACK 0
org.osgi.framework.BundleException: Could not resolve module: de.uni_freiburg.informatik.ultimate.plugins.analysis.irsdependencies [25]
  Unresolved requirement: Require-Bundle: UltimateCore
    -> Bundle-SymbolicName: UltimateCore; bundle-version="0.0.1"; singleton:="true"
       UltimateCore [18]
         Unresolved requirement: Require-Bundle: Library-SMTLIB
           -> Bundle-SymbolicName: Library-SMTLIB; bundle-version="0.0.1"
              Library-SMTLIB [12]
                Unresolved requirement: Require-Bundle: Library-UltimateUtil
                  -> Bundle-SymbolicName: Library-UltimateUtil; bundle-version="0.0.1"
                     Library-UltimateUtil [13]
                       Unresolved requirement: Require-Capability: osgi.ee; filter:="(&(osgi.ee=JavaSE)(version=1.7))"

	at org.eclipse.osgi.container.Module.start(Module.java:434)
	at org.eclipse.osgi.container.ModuleContainer$ContainerStartLevel.incStartLevel(ModuleContainer.java:1582)
	at org.eclipse.osgi.container.ModuleContainer$ContainerStartLevel.incStartLevel(ModuleContainer.java:1561)
	at org.eclipse.osgi.container.ModuleContainer$ContainerStartLevel.doContainerStartLevel(ModuleContainer.java:1533)
	at org.eclipse.osgi.container.ModuleContainer$ContainerStartLevel.dispatchEvent(ModuleContainer.java:1476)
	at org.eclipse.osgi.container.ModuleContainer$ContainerStartLevel.dispatchEvent(ModuleContainer.java:1)
	at org.eclipse.osgi.framework.eventmgr.EventManager.dispatchEvent(EventManager.java:230)
	at org.eclipse.osgi.framework.eventmgr.EventManager$EventThread.run(EventManager.java:340)

!ENTRY de.uni_freiburg.informatik.ultimate.plugins.analysis.lassoranker 4 0 2022-10-12 12:22:25.876
!MESSAGE FrameworkEvent ERROR
!STACK 0
org.osgi.framework.BundleException: Could not resolve module: de.uni_freiburg.informatik.ultimate.plugins.analysis.lassoranker [26]
  Unresolved requirement: Require-Bundle: Library-SMTLIB
    -> Bundle-SymbolicName: Library-SMTLIB; bundle-version="0.0.1"
       Library-SMTLIB [12]
         Unresolved requirement: Require-Bundle: Library-UltimateUtil
           -> Bundle-SymbolicName: Library-UltimateUtil; bundle-version="0.0.1"
              Library-UltimateUtil [13]
                Unresolved requirement: Require-Capability: osgi.ee; filter:="(&(osgi.ee=JavaSE)(version=1.7))"

	at org.eclipse.osgi.container.Module.start(Module.java:434)
	at org.eclipse.osgi.container.ModuleContainer$ContainerStartLevel.incStartLevel(ModuleContainer.java:1582)
	at org.eclipse.osgi.container.ModuleContainer$ContainerStartLevel.incStartLevel(ModuleContainer.java:1561)
	at org.eclipse.osgi.container.ModuleContainer$ContainerStartLevel.doContainerStartLevel(ModuleContainer.java:1533)
	at org.eclipse.osgi.container.ModuleContainer$ContainerStartLevel.dispatchEvent(ModuleContainer.java:1476)
	at org.eclipse.osgi.container.ModuleContainer$ContainerStartLevel.dispatchEvent(ModuleContainer.java:1)
	at org.eclipse.osgi.framework.eventmgr.EventManager.dispatchEvent(EventManager.java:230)
	at org.eclipse.osgi.framework.eventmgr.EventManager$EventThread.run(EventManager.java:340)

!ENTRY de.uni_freiburg.informatik.ultimate.plugins.generator.automatascriptinterpreter 4 0 2022-10-12 12:22:25.877
!MESSAGE FrameworkEvent ERROR
!STACK 0
org.osgi.framework.BundleException: Could not resolve module: de.uni_freiburg.informatik.ultimate.plugins.generator.automatascriptinterpreter [27]
  Unresolved requirement: Require-Bundle: UltimateCore
    -> Bundle-SymbolicName: UltimateCore; bundle-version="0.0.1"; singleton:="true"
       UltimateCore [18]
         Unresolved requirement: Require-Bundle: Library-SMTLIB
           -> Bundle-SymbolicName: Library-SMTLIB; bundle-version="0.0.1"
              Library-SMTLIB [12]
                Unresolved requirement: Require-Bundle: Library-UltimateUtil
                  -> Bundle-SymbolicName: Library-UltimateUtil; bundle-version="0.0.1"
                     Library-UltimateUtil [13]
                       Unresolved requirement: Require-Capability: osgi.ee; filter:="(&(osgi.ee=JavaSE)(version=1.7))"

	at org.eclipse.osgi.container.Module.start(Module.java:434)
	at org.eclipse.osgi.container.ModuleContainer$ContainerStartLevel.incStartLevel(ModuleContainer.java:1582)
	at org.eclipse.osgi.container.ModuleContainer$ContainerStartLevel.incStartLevel(ModuleContainer.java:1561)
	at org.eclipse.osgi.container.ModuleContainer$ContainerStartLevel.doContainerStartLevel(ModuleContainer.java:1533)
	at org.eclipse.osgi.container.ModuleContainer$ContainerStartLevel.dispatchEvent(ModuleContainer.java:1476)
	at org.eclipse.osgi.container.ModuleContainer$ContainerStartLevel.dispatchEvent(ModuleContainer.java:1)
	at org.eclipse.osgi.framework.eventmgr.EventManager.dispatchEvent(EventManager.java:230)
	at org.eclipse.osgi.framework.eventmgr.EventManager$EventThread.run(EventManager.java:340)

!ENTRY de.uni_freiburg.informatik.ultimate.plugins.generator.blockencoding 4 0 2022-10-12 12:22:25.877
!MESSAGE FrameworkEvent ERROR
!STACK 0
org.osgi.framework.BundleException: Could not resolve module: de.uni_freiburg.informatik.ultimate.plugins.generator.blockencoding [28]
  Unresolved requirement: Require-Bundle: UltimateCore
    -> Bundle-SymbolicName: UltimateCore; bundle-version="0.0.1"; singleton:="true"
       UltimateCore [18]
         Unresolved requirement: Require-Bundle: Library-SMTLIB
           -> Bundle-SymbolicName: Library-SMTLIB; bundle-version="0.0.1"
              Library-SMTLIB [12]
                Unresolved requirement: Require-Bundle: Library-UltimateUtil
                  -> Bundle-SymbolicName: Library-UltimateUtil; bundle-version="0.0.1"
                     Library-UltimateUtil [13]
                       Unresolved requirement: Require-Capability: osgi.ee; filter:="(&(osgi.ee=JavaSE)(version=1.7))"

	at org.eclipse.osgi.container.Module.start(Module.java:434)
	at org.eclipse.osgi.container.ModuleContainer$ContainerStartLevel.incStartLevel(ModuleContainer.java:1582)
	at org.eclipse.osgi.container.ModuleContainer$ContainerStartLevel.incStartLevel(ModuleContainer.java:1561)
	at org.eclipse.osgi.container.ModuleContainer$ContainerStartLevel.doContainerStartLevel(ModuleContainer.java:1533)
	at org.eclipse.osgi.container.ModuleContainer$ContainerStartLevel.dispatchEvent(ModuleContainer.java:1476)
	at org.eclipse.osgi.container.ModuleContainer$ContainerStartLevel.dispatchEvent(ModuleContainer.java:1)
	at org.eclipse.osgi.framework.eventmgr.EventManager.dispatchEvent(EventManager.java:230)
	at org.eclipse.osgi.framework.eventmgr.EventManager$EventThread.run(EventManager.java:340)

!ENTRY de.uni_freiburg.informatik.ultimate.plugins.generator.buchiautomizer 4 0 2022-10-12 12:22:25.878
!MESSAGE FrameworkEvent ERROR
!STACK 0
org.osgi.framework.BundleException: Could not resolve module: de.uni_freiburg.informatik.ultimate.plugins.generator.buchiautomizer [29]
  Unresolved requirement: Require-Bundle: Library-UltimateUtil; bundle-version="0.0.1"
    -> Bundle-SymbolicName: Library-UltimateUtil; bundle-version="0.0.1"
       Library-UltimateUtil [13]
         Unresolved requirement: Require-Capability: osgi.ee; filter:="(&(osgi.ee=JavaSE)(version=1.7))"

	at org.eclipse.osgi.container.Module.start(Module.java:434)
	at org.eclipse.osgi.container.ModuleContainer$ContainerStartLevel.incStartLevel(ModuleContainer.java:1582)
	at org.eclipse.osgi.container.ModuleContainer$ContainerStartLevel.incStartLevel(ModuleContainer.java:1561)
	at org.eclipse.osgi.container.ModuleContainer$ContainerStartLevel.doContainerStartLevel(ModuleContainer.java:1533)
	at org.eclipse.osgi.container.ModuleContainer$ContainerStartLevel.dispatchEvent(ModuleContainer.java:1476)
	at org.eclipse.osgi.container.ModuleContainer$ContainerStartLevel.dispatchEvent(ModuleContainer.java:1)
	at org.eclipse.osgi.framework.eventmgr.EventManager.dispatchEvent(EventManager.java:230)
	at org.eclipse.osgi.framework.eventmgr.EventManager$EventThread.run(EventManager.java:340)

!ENTRY de.uni_freiburg.informatik.ultimate.plugins.generator.cacsl2boogietranslator 4 0 2022-10-12 12:22:25.878
!MESSAGE FrameworkEvent ERROR
!STACK 0
org.osgi.framework.BundleException: Could not resolve module: de.uni_freiburg.informatik.ultimate.plugins.generator.cacsl2boogietranslator [30]
  Unresolved requirement: Require-Bundle: UltimateCore
    -> Bundle-SymbolicName: UltimateCore; bundle-version="0.0.1"; singleton:="true"
       UltimateCore [18]
         Unresolved requirement: Require-Bundle: Library-SMTLIB
           -> Bundle-SymbolicName: Library-SMTLIB; bundle-version="0.0.1"
              Library-SMTLIB [12]
                Unresolved requirement: Require-Bundle: Library-UltimateUtil
                  -> Bundle-SymbolicName: Library-UltimateUtil; bundle-version="0.0.1"
                     Library-UltimateUtil [13]
                       Unresolved requirement: Require-Capability: osgi.ee; filter:="(&(osgi.ee=JavaSE)(version=1.7))"

	at org.eclipse.osgi.container.Module.start(Module.java:434)
	at org.eclipse.osgi.container.ModuleContainer$ContainerStartLevel.incStartLevel(ModuleContainer.java:1582)
	at org.eclipse.osgi.container.ModuleContainer$ContainerStartLevel.incStartLevel(ModuleContainer.java:1561)
	at org.eclipse.osgi.container.ModuleContainer$ContainerStartLevel.doContainerStartLevel(ModuleContainer.java:1533)
	at org.eclipse.osgi.container.ModuleContainer$ContainerStartLevel.dispatchEvent(ModuleContainer.java:1476)
	at org.eclipse.osgi.container.ModuleContainer$ContainerStartLevel.dispatchEvent(ModuleContainer.java:1)
	at org.eclipse.osgi.framework.eventmgr.EventManager.dispatchEvent(EventManager.java:230)
	at org.eclipse.osgi.framework.eventmgr.EventManager$EventThread.run(EventManager.java:340)

!ENTRY de.uni_freiburg.informatik.ultimate.plugins.generator.codecheck 4 0 2022-10-12 12:22:25.879
!MESSAGE FrameworkEvent ERROR
!STACK 0
org.osgi.framework.BundleException: Could not resolve module: de.uni_freiburg.informatik.ultimate.plugins.generator.codecheck [31]
  Unresolved requirement: Require-Bundle: UltimateCore
    -> Bundle-SymbolicName: UltimateCore; bundle-version="0.0.1"; singleton:="true"
       UltimateCore [18]
         Unresolved requirement: Require-Bundle: Library-SMTLIB
           -> Bundle-SymbolicName: Library-SMTLIB; bundle-version="0.0.1"
              Library-SMTLIB [12]
                Unresolved requirement: Require-Bundle: Library-UltimateUtil
                  -> Bundle-SymbolicName: Library-UltimateUtil; bundle-version="0.0.1"
                     Library-UltimateUtil [13]
                       Unresolved requirement: Require-Capability: osgi.ee; filter:="(&(osgi.ee=JavaSE)(version=1.7))"

	at org.eclipse.osgi.container.Module.start(Module.java:434)
	at org.eclipse.osgi.container.ModuleContainer$ContainerStartLevel.incStartLevel(ModuleContainer.java:1582)
	at org.eclipse.osgi.container.ModuleContainer$ContainerStartLevel.incStartLevel(ModuleContainer.java:1561)
	at org.eclipse.osgi.container.ModuleContainer$ContainerStartLevel.doContainerStartLevel(ModuleContainer.java:1533)
	at org.eclipse.osgi.container.ModuleContainer$ContainerStartLevel.dispatchEvent(ModuleContainer.java:1476)
	at org.eclipse.osgi.container.ModuleContainer$ContainerStartLevel.dispatchEvent(ModuleContainer.java:1)
	at org.eclipse.osgi.framework.eventmgr.EventManager.dispatchEvent(EventManager.java:230)
	at org.eclipse.osgi.framework.eventmgr.EventManager$EventThread.run(EventManager.java:340)

!ENTRY de.uni_freiburg.informatik.ultimate.plugins.generator.rcfgbuilder 4 0 2022-10-12 12:22:25.879
!MESSAGE FrameworkEvent ERROR
!STACK 0
org.osgi.framework.BundleException: Could not resolve module: de.uni_freiburg.informatik.ultimate.plugins.generator.rcfgbuilder [32]
  Unresolved requirement: Import-Package: de.uni_freiburg.informatik.ultimate.boogie.type
    -> Export-Package: de.uni_freiburg.informatik.ultimate.boogie.type; bundle-symbolic-name="BoogiePreprocessor"; bundle-version="0.0.1"; version="0.0.0"
       BoogiePreprocessor [5]
         Unresolved requirement: Require-Bundle: Library-UltimateUtil
           -> Bundle-SymbolicName: Library-UltimateUtil; bundle-version="0.0.1"
              Library-UltimateUtil [13]
                Unresolved requirement: Require-Capability: osgi.ee; filter:="(&(osgi.ee=JavaSE)(version=1.7))"

	at org.eclipse.osgi.container.Module.start(Module.java:434)
	at org.eclipse.osgi.container.ModuleContainer$ContainerStartLevel.incStartLevel(ModuleContainer.java:1582)
	at org.eclipse.osgi.container.ModuleContainer$ContainerStartLevel.incStartLevel(ModuleContainer.java:1561)
	at org.eclipse.osgi.container.ModuleContainer$ContainerStartLevel.doContainerStartLevel(ModuleContainer.java:1533)
	at org.eclipse.osgi.container.ModuleContainer$ContainerStartLevel.dispatchEvent(ModuleContainer.java:1476)
	at org.eclipse.osgi.container.ModuleContainer$ContainerStartLevel.dispatchEvent(ModuleContainer.java:1)
	at org.eclipse.osgi.framework.eventmgr.EventManager.dispatchEvent(EventManager.java:230)
	at org.eclipse.osgi.framework.eventmgr.EventManager$EventThread.run(EventManager.java:340)

!ENTRY de.uni_freiburg.informatik.ultimate.plugins.generator.traceabstraction 4 0 2022-10-12 12:22:25.879
!MESSAGE FrameworkEvent ERROR
!STACK 0
org.osgi.framework.BundleException: Could not resolve module: de.uni_freiburg.informatik.ultimate.plugins.generator.traceabstraction [33]
  Unresolved requirement: Require-Bundle: Library-ModelCheckerUtils
    -> Bundle-SymbolicName: Library-ModelCheckerUtils; bundle-version="0.0.1"
       Library-ModelCheckerUtils [11]
         Unresolved requirement: Require-Bundle: UltimateCore
           -> Bundle-SymbolicName: UltimateCore; bundle-version="0.0.1"; singleton:="true"
              UltimateCore [18]
                Unresolved requirement: Require-Bundle: Library-SMTLIB
                  -> Bundle-SymbolicName: Library-SMTLIB; bundle-version="0.0.1"
                     Library-SMTLIB [12]
                       Unresolved requirement: Require-Bundle: Library-UltimateUtil
                         -> Bundle-SymbolicName: Library-UltimateUtil; bundle-version="0.0.1"
                            Library-UltimateUtil [13]
                              Unresolved requirement: Require-Capability: osgi.ee; filter:="(&(osgi.ee=JavaSE)(version=1.7))"

	at org.eclipse.osgi.container.Module.start(Module.java:434)
	at org.eclipse.osgi.container.ModuleContainer$ContainerStartLevel.incStartLevel(ModuleContainer.java:1582)
	at org.eclipse.osgi.container.ModuleContainer$ContainerStartLevel.incStartLevel(ModuleContainer.java:1561)
	at org.eclipse.osgi.container.ModuleContainer$ContainerStartLevel.doContainerStartLevel(ModuleContainer.java:1533)
	at org.eclipse.osgi.container.ModuleContainer$ContainerStartLevel.dispatchEvent(ModuleContainer.java:1476)
	at org.eclipse.osgi.container.ModuleContainer$ContainerStartLevel.dispatchEvent(ModuleContainer.java:1)
	at org.eclipse.osgi.framework.eventmgr.EventManager.dispatchEvent(EventManager.java:230)
	at org.eclipse.osgi.framework.eventmgr.EventManager$EventThread.run(EventManager.java:340)

!ENTRY de.uni_freiburg.informatik.ultimate.plugins.generator.traceabstractionconcurrent 4 0 2022-10-12 12:22:25.880
!MESSAGE FrameworkEvent ERROR
!STACK 0
org.osgi.framework.BundleException: Could not resolve module: de.uni_freiburg.informatik.ultimate.plugins.generator.traceabstractionconcurrent [34]
  Unresolved requirement: Require-Bundle: UltimateCore
    -> Bundle-SymbolicName: UltimateCore; bundle-version="0.0.1"; singleton:="true"
       UltimateCore [18]
         Unresolved requirement: Require-Bundle: Library-SMTLIB
           -> Bundle-SymbolicName: Library-SMTLIB; bundle-version="0.0.1"
              Library-SMTLIB [12]
                Unresolved requirement: Require-Bundle: Library-UltimateUtil
                  -> Bundle-SymbolicName: Library-UltimateUtil; bundle-version="0.0.1"
                     Library-UltimateUtil [13]
                       Unresolved requirement: Require-Capability: osgi.ee; filter:="(&(osgi.ee=JavaSE)(version=1.7))"

	at org.eclipse.osgi.container.Module.start(Module.java:434)
	at org.eclipse.osgi.container.ModuleContainer$ContainerStartLevel.incStartLevel(ModuleContainer.java:1582)
	at org.eclipse.osgi.container.ModuleContainer$ContainerStartLevel.incStartLevel(ModuleContainer.java:1561)
	at org.eclipse.osgi.container.ModuleContainer$ContainerStartLevel.doContainerStartLevel(ModuleContainer.java:1533)
	at org.eclipse.osgi.container.ModuleContainer$ContainerStartLevel.dispatchEvent(ModuleContainer.java:1476)
	at org.eclipse.osgi.container.ModuleContainer$ContainerStartLevel.dispatchEvent(ModuleContainer.java:1)
	at org.eclipse.osgi.framework.eventmgr.EventManager.dispatchEvent(EventManager.java:230)
	at org.eclipse.osgi.framework.eventmgr.EventManager$EventThread.run(EventManager.java:340)

!ENTRY org.eclipse.cdt.core 4 0 2022-10-12 12:22:25.880
!MESSAGE FrameworkEvent ERROR
!STACK 0
org.osgi.framework.BundleException: Could not resolve module: org.eclipse.cdt.core [44]
  Unresolved requirement: Require-Capability: osgi.ee; filter:="(&(osgi.ee=JavaSE)(version=1.7))"

	at org.eclipse.osgi.container.Module.start(Module.java:434)
	at org.eclipse.osgi.container.ModuleContainer$ContainerStartLevel.incStartLevel(ModuleContainer.java:1582)
	at org.eclipse.osgi.container.ModuleContainer$ContainerStartLevel.incStartLevel(ModuleContainer.java:1561)
	at org.eclipse.osgi.container.ModuleContainer$ContainerStartLevel.doContainerStartLevel(ModuleContainer.java:1533)
	at org.eclipse.osgi.container.ModuleContainer$ContainerStartLevel.dispatchEvent(ModuleContainer.java:1476)
	at org.eclipse.osgi.container.ModuleContainer$ContainerStartLevel.dispatchEvent(ModuleContainer.java:1)
	at org.eclipse.osgi.framework.eventmgr.EventManager.dispatchEvent(EventManager.java:230)
	at org.eclipse.osgi.framework.eventmgr.EventManager$EventThread.run(EventManager.java:340)

!ENTRY UltimateCore 4 0 2022-10-12 12:22:25.945
!MESSAGE FrameworkEvent ERROR
!STACK 0
org.osgi.framework.BundleException: UltimateCore [18]
  Unresolved requirement: Require-Bundle: Library-SMTLIB
    -> Bundle-SymbolicName: Library-SMTLIB; bundle-version="0.0.1"
       Library-SMTLIB [12]
         Unresolved requirement: Require-Bundle: Library-UltimateUtil
           -> Bundle-SymbolicName: Library-UltimateUtil; bundle-version="0.0.1"
              Library-UltimateUtil [13]
                Unresolved requirement: Require-Capability: osgi.ee; filter:="(&(osgi.ee=JavaSE)(version=1.7))"

	at org.eclipse.osgi.internal.framework.EquinoxBundle.getModuleClassLoader(EquinoxBundle.java:589)
	at org.eclipse.osgi.internal.framework.EquinoxBundle.loadClass(EquinoxBundle.java:564)
	at org.eclipse.core.internal.registry.osgi.RegistryStrategyOSGI.createExecutableExtension(RegistryStrategyOSGI.java:174)
	at org.eclipse.core.internal.registry.ExtensionRegistry.createExecutableExtension(ExtensionRegistry.java:905)
	at org.eclipse.core.internal.registry.ConfigurationElement.createExecutableExtension(ConfigurationElement.java:243)
	at org.eclipse.core.internal.registry.ConfigurationElementHandle.createExecutableExtension(ConfigurationElementHandle.java:55)
	at org.eclipse.equinox.internal.app.EclipseAppHandle.run(EclipseAppHandle.java:191)
	at org.eclipse.core.runtime.internal.adaptor.EclipseAppLauncher.runApplication(EclipseAppLauncher.java:134)
	at org.eclipse.core.runtime.internal.adaptor.EclipseAppLauncher.start(EclipseAppLauncher.java:104)
	at org.eclipse.core.runtime.adaptor.EclipseStarter.run(EclipseStarter.java:380)
	at org.eclipse.core.runtime.adaptor.EclipseStarter.run(EclipseStarter.java:235)
	at java.base/jdk.internal.reflect.NativeMethodAccessorImpl.invoke0(Native Method)
	at java.base/jdk.internal.reflect.NativeMethodAccessorImpl.invoke(NativeMethodAccessorImpl.java:62)
	at java.base/jdk.internal.reflect.DelegatingMethodAccessorImpl.invoke(DelegatingMethodAccessorImpl.java:43)
	at java.base/java.lang.reflect.Method.invoke(Method.java:566)
	at org.eclipse.equinox.launcher.Main.invokeFramework(Main.java:648)
	at org.eclipse.equinox.launcher.Main.basicRun(Main.java:603)
	at org.eclipse.equinox.launcher.Main.run(Main.java:1465)
	at org.eclipse.equinox.launcher.Main.main(Main.java:1438)

!ENTRY de.uni_freiburg.informatik.ultimate.plugins.analysis.lassoranker 2 0 2022-10-12 12:22:25.956
!MESSAGE Could not resolve module: de.uni_freiburg.informatik.ultimate.plugins.analysis.lassoranker [26]
  Unresolved requirement: Require-Bundle: Library-SMTLIB
    -> Bundle-SymbolicName: Library-SMTLIB; bundle-version="0.0.1"
       Library-SMTLIB [12]
         Unresolved requirement: Require-Bundle: Library-UltimateUtil
           -> Bundle-SymbolicName: Library-UltimateUtil; bundle-version="0.0.1"
              Library-UltimateUtil [13]
                Unresolved requirement: Require-Capability: osgi.ee; filter:="(&(osgi.ee=JavaSE)(version=1.7))"


!ENTRY de.uni_freiburg.informatik.ultimate.plugins.generator.cacsl2boogietranslator 2 0 2022-10-12 12:22:25.957
!MESSAGE Could not resolve module: de.uni_freiburg.informatik.ultimate.plugins.generator.cacsl2boogietranslator [30]
  Unresolved requirement: Require-Bundle: UltimateCore
    -> Bundle-SymbolicName: UltimateCore; bundle-version="0.0.1"; singleton:="true"
       UltimateCore [18]
         Unresolved requirement: Require-Bundle: Library-SMTLIB
           -> Bundle-SymbolicName: Library-SMTLIB; bundle-version="0.0.1"
              Library-SMTLIB [12]
                Unresolved requirement: Require-Bundle: Library-UltimateUtil
                  -> Bundle-SymbolicName: Library-UltimateUtil; bundle-version="0.0.1"
                     Library-UltimateUtil [13]
                       Unresolved requirement: Require-Capability: osgi.ee; filter:="(&(osgi.ee=JavaSE)(version=1.7))"


!ENTRY Library-LassoRanker 2 0 2022-10-12 12:22:25.957
!MESSAGE Could not resolve module: Library-LassoRanker [10]
  Unresolved requirement: Require-Bundle: Library-UltimateUtil; bundle-version="0.0.1"
    -> Bundle-SymbolicName: Library-UltimateUtil; bundle-version="0.0.1"
       Library-UltimateUtil [13]
         Unresolved requirement: Require-Capability: osgi.ee; filter:="(&(osgi.ee=JavaSE)(version=1.7))"


!ENTRY CDTParser 2 0 2022-10-12 12:22:25.957
!MESSAGE Could not resolve module: CDTParser [6]
  Unresolved requirement: Require-Bundle: UltimateCore
    -> Bundle-SymbolicName: UltimateCore; bundle-version="0.0.1"; singleton:="true"
       UltimateCore [18]
         Unresolved requirement: Require-Bundle: Library-SMTLIB
           -> Bundle-SymbolicName: Library-SMTLIB; bundle-version="0.0.1"
              Library-SMTLIB [12]
                Unresolved requirement: Require-Bundle: Library-UltimateUtil
                  -> Bundle-SymbolicName: Library-UltimateUtil; bundle-version="0.0.1"
                     Library-UltimateUtil [13]
                       Unresolved requirement: Require-Capability: osgi.ee; filter:="(&(osgi.ee=JavaSE)(version=1.7))"


!ENTRY de.uni_freiburg.informatik.ultimate.boogie.printer 2 0 2022-10-12 12:22:25.957
!MESSAGE Could not resolve module: de.uni_freiburg.informatik.ultimate.boogie.printer [21]
  Unresolved requirement: Require-Bundle: UltimateCore
    -> Bundle-SymbolicName: UltimateCore; bundle-version="0.0.1"; singleton:="true"
       UltimateCore [18]
         Unresolved requirement: Require-Bundle: Library-SMTLIB
           -> Bundle-SymbolicName: Library-SMTLIB; bundle-version="0.0.1"
              Library-SMTLIB [12]
                Unresolved requirement: Require-Bundle: Library-UltimateUtil
                  -> Bundle-SymbolicName: Library-UltimateUtil; bundle-version="0.0.1"
                     Library-UltimateUtil [13]
                       Unresolved requirement: Require-Capability: osgi.ee; filter:="(&(osgi.ee=JavaSE)(version=1.7))"


!ENTRY de.uni_freiburg.informatik.ultimate.automata 2 0 2022-10-12 12:22:25.957
!MESSAGE Could not resolve module: de.uni_freiburg.informatik.ultimate.automata [20]
  Unresolved requirement: Import-Package: de.uni_freiburg.informatik.ultimate.smtinterpol.smtlib2
    -> Export-Package: de.uni_freiburg.informatik.ultimate.smtinterpol.smtlib2; bundle-symbolic-name="SMTInterpol"; bundle-version="2.0.0"; version="0.0.0"
       SMTInterpol [15]
         Unresolved requirement: Require-Bundle: Library-SMTLIB
           -> Bundle-SymbolicName: Library-SMTLIB; bundle-version="0.0.1"
              Library-SMTLIB [12]
                Unresolved requirement: Require-Bundle: Library-UltimateUtil
                  -> Bundle-SymbolicName: Library-UltimateUtil; bundle-version="0.0.1"
                     Library-UltimateUtil [13]
                       Unresolved requirement: Require-Capability: osgi.ee; filter:="(&(osgi.ee=JavaSE)(version=1.7))"


!ENTRY BoogieParser 2 0 2022-10-12 12:22:25.958
!MESSAGE Could not resolve module: BoogieParser [4]
  Unresolved requirement: Require-Bundle: UltimateCore
    -> Bundle-SymbolicName: UltimateCore; bundle-version="0.0.1"; singleton:="true"
       UltimateCore [18]
         Unresolved requirement: Require-Bundle: Library-SMTLIB
           -> Bundle-SymbolicName: Library-SMTLIB; bundle-version="0.0.1"
              Library-SMTLIB [12]
                Unresolved requirement: Require-Bundle: Library-UltimateUtil
                  -> Bundle-SymbolicName: Library-UltimateUtil; bundle-version="0.0.1"
                     Library-UltimateUtil [13]
                       Unresolved requirement: Require-Capability: osgi.ee; filter:="(&(osgi.ee=JavaSE)(version=1.7))"


!ENTRY de.uni_freiburg.informatik.ultimate.ltl2aut 2 0 2022-10-12 12:22:25.958
!MESSAGE Could not resolve module: de.uni_freiburg.informatik.ultimate.ltl2aut [23]
  Unresolved requirement: Require-Bundle: UltimateCore
    -> Bundle-SymbolicName: UltimateCore; bundle-version="0.0.1"; singleton:="true"
       UltimateCore [18]
         Unresolved requirement: Require-Bundle: Library-SMTLIB
           -> Bundle-SymbolicName: Library-SMTLIB; bundle-version="0.0.1"
              Library-SMTLIB [12]
                Unresolved requirement: Require-Bundle: Library-UltimateUtil
                  -> Bundle-SymbolicName: Library-UltimateUtil; bundle-version="0.0.1"
                     Library-UltimateUtil [13]
                       Unresolved requirement: Require-Capability: osgi.ee; filter:="(&(osgi.ee=JavaSE)(version=1.7))"


!ENTRY de.uni_freiburg.informatik.ultimate.buchiprogramproduct 2 0 2022-10-12 12:22:25.958
!MESSAGE Could not resolve module: de.uni_freiburg.informatik.ultimate.buchiprogramproduct [22]
  Unresolved requirement: Require-Bundle: Library-UltimateUtil
    -> Bundle-SymbolicName: Library-UltimateUtil; bundle-version="0.0.1"
       Library-UltimateUtil [13]
         Unresolved requirement: Require-Capability: osgi.ee; filter:="(&(osgi.ee=JavaSE)(version=1.7))"


!ENTRY de.uni_freiburg.informatik.ultimate.plugins.generator.codecheck 2 0 2022-10-12 12:22:25.958
!MESSAGE Could not resolve module: de.uni_freiburg.informatik.ultimate.plugins.generator.codecheck [31]
  Unresolved requirement: Require-Bundle: UltimateCore
    -> Bundle-SymbolicName: UltimateCore; bundle-version="0.0.1"; singleton:="true"
       UltimateCore [18]
         Unresolved requirement: Require-Bundle: Library-SMTLIB
           -> Bundle-SymbolicName: Library-SMTLIB; bundle-version="0.0.1"
              Library-SMTLIB [12]
                Unresolved requirement: Require-Bundle: Library-UltimateUtil
                  -> Bundle-SymbolicName: Library-UltimateUtil; bundle-version="0.0.1"
                     Library-UltimateUtil [13]
                       Unresolved requirement: Require-Capability: osgi.ee; filter:="(&(osgi.ee=JavaSE)(version=1.7))"


!ENTRY de.uni_freiburg.informatik.ultimate.plugins.generator.automatascriptinterpreter 2 0 2022-10-12 12:22:25.958
!MESSAGE Could not resolve module: de.uni_freiburg.informatik.ultimate.plugins.generator.automatascriptinterpreter [27]
  Unresolved requirement: Require-Bundle: UltimateCore
    -> Bundle-SymbolicName: UltimateCore; bundle-version="0.0.1"; singleton:="true"
       UltimateCore [18]
         Unresolved requirement: Require-Bundle: Library-SMTLIB
           -> Bundle-SymbolicName: Library-SMTLIB; bundle-version="0.0.1"
              Library-SMTLIB [12]
                Unresolved requirement: Require-Bundle: Library-UltimateUtil
                  -> Bundle-SymbolicName: Library-UltimateUtil; bundle-version="0.0.1"
                     Library-UltimateUtil [13]
                       Unresolved requirement: Require-Capability: osgi.ee; filter:="(&(osgi.ee=JavaSE)(version=1.7))"


!ENTRY SMTInterpol 2 0 2022-10-12 12:22:25.958
!MESSAGE Could not resolve module: SMTInterpol [15]
  Unresolved requirement: Require-Bundle: Library-SMTLIB
    -> Bundle-SymbolicName: Library-SMTLIB; bundle-version="0.0.1"
       Library-SMTLIB [12]
         Unresolved requirement: Require-Bundle: Library-UltimateUtil
           -> Bundle-SymbolicName: Library-UltimateUtil; bundle-version="0.0.1"
              Library-UltimateUtil [13]
                Unresolved requirement: Require-Capability: osgi.ee; filter:="(&(osgi.ee=JavaSE)(version=1.7))"


!ENTRY de.uni_freiburg.informatik.ultimate.plugins.generator.buchiautomizer 2 0 2022-10-12 12:22:25.959
!MESSAGE Could not resolve module: de.uni_freiburg.informatik.ultimate.plugins.generator.buchiautomizer [29]
  Unresolved requirement: Require-Bundle: Library-UltimateUtil; bundle-version="0.0.1"
    -> Bundle-SymbolicName: Library-UltimateUtil; bundle-version="0.0.1"
       Library-UltimateUtil [13]
         Unresolved requirement: Require-Capability: osgi.ee; filter:="(&(osgi.ee=JavaSE)(version=1.7))"


!ENTRY ASTBuilder 2 0 2022-10-12 12:22:25.959
!MESSAGE Could not resolve module: ASTBuilder [2]
  Unresolved requirement: Require-Capability: osgi.ee; filter:="(&(osgi.ee=JavaSE)(version=1.7))"


!ENTRY Library-SMTLIB 2 0 2022-10-12 12:22:25.959
!MESSAGE Could not resolve module: Library-SMTLIB [12]
  Unresolved requirement: Require-Bundle: Library-UltimateUtil
    -> Bundle-SymbolicName: Library-UltimateUtil; bundle-version="0.0.1"
       Library-UltimateUtil [13]
         Unresolved requirement: Require-Capability: osgi.ee; filter:="(&(osgi.ee=JavaSE)(version=1.7))"


!ENTRY org.eclipse.cdt.core 2 0 2022-10-12 12:22:25.959
!MESSAGE Could not resolve module: org.eclipse.cdt.core [44]
  Unresolved requirement: Require-Capability: osgi.ee; filter:="(&(osgi.ee=JavaSE)(version=1.7))"


!ENTRY AutomataScriptParser 2 0 2022-10-12 12:22:25.959
!MESSAGE Could not resolve module: AutomataScriptParser [3]
  Unresolved requirement: Require-Bundle: UltimateCore
    -> Bundle-SymbolicName: UltimateCore; bundle-version="0.0.1"; singleton:="true"
       UltimateCore [18]
         Unresolved requirement: Require-Bundle: Library-SMTLIB
           -> Bundle-SymbolicName: Library-SMTLIB; bundle-version="0.0.1"
              Library-SMTLIB [12]
                Unresolved requirement: Require-Bundle: Library-UltimateUtil
                  -> Bundle-SymbolicName: Library-UltimateUtil; bundle-version="0.0.1"
                     Library-UltimateUtil [13]
                       Unresolved requirement: Require-Capability: osgi.ee; filter:="(&(osgi.ee=JavaSE)(version=1.7))"


!ENTRY Library-ModelCheckerUtils 2 0 2022-10-12 12:22:25.959
!MESSAGE Could not resolve module: Library-ModelCheckerUtils [11]
  Unresolved requirement: Require-Bundle: UltimateCore
    -> Bundle-SymbolicName: UltimateCore; bundle-version="0.0.1"; singleton:="true"
       UltimateCore [18]
         Unresolved requirement: Require-Bundle: Library-SMTLIB
           -> Bundle-SymbolicName: Library-SMTLIB; bundle-version="0.0.1"
              Library-SMTLIB [12]
                Unresolved requirement: Require-Bundle: Library-UltimateUtil
                  -> Bundle-SymbolicName: Library-UltimateUtil; bundle-version="0.0.1"
                     Library-UltimateUtil [13]
                       Unresolved requirement: Require-Capability: osgi.ee; filter:="(&(osgi.ee=JavaSE)(version=1.7))"


!ENTRY Library-UltimateUtil 2 0 2022-10-12 12:22:25.960
!MESSAGE Could not resolve module: Library-UltimateUtil [13]
  Unresolved requirement: Require-Capability: osgi.ee; filter:="(&(osgi.ee=JavaSE)(version=1.7))"


!ENTRY de.uni_freiburg.informatik.ultimate.plugins.generator.traceabstraction 2 0 2022-10-12 12:22:25.960
!MESSAGE Could not resolve module: de.uni_freiburg.informatik.ultimate.plugins.generator.traceabstraction [33]
  Unresolved requirement: Require-Bundle: Library-ModelCheckerUtils
    -> Bundle-SymbolicName: Library-ModelCheckerUtils; bundle-version="0.0.1"
       Library-ModelCheckerUtils [11]
         Unresolved requirement: Require-Bundle: UltimateCore
           -> Bundle-SymbolicName: UltimateCore; bundle-version="0.0.1"; singleton:="true"
              UltimateCore [18]
                Unresolved requirement: Require-Bundle: Library-SMTLIB
                  -> Bundle-SymbolicName: Library-SMTLIB; bundle-version="0.0.1"
                     Library-SMTLIB [12]
                       Unresolved requirement: Require-Bundle: Library-UltimateUtil
                         -> Bundle-SymbolicName: Library-UltimateUtil; bundle-version="0.0.1"
                            Library-UltimateUtil [13]
                              Unresolved requirement: Require-Capability: osgi.ee; filter:="(&(osgi.ee=JavaSE)(version=1.7))"


!ENTRY de.uni_freiburg.informatik.ultimate.plugins.analysis.irsdependencies 2 0 2022-10-12 12:22:25.960
!MESSAGE Could not resolve module: de.uni_freiburg.informatik.ultimate.plugins.analysis.irsdependencies [25]
  Unresolved requirement: Require-Bundle: UltimateCore
    -> Bundle-SymbolicName: UltimateCore; bundle-version="0.0.1"; singleton:="true"
       UltimateCore [18]
         Unresolved requirement: Require-Bundle: Library-SMTLIB
           -> Bundle-SymbolicName: Library-SMTLIB; bundle-version="0.0.1"
              Library-SMTLIB [12]
                Unresolved requirement: Require-Bundle: Library-UltimateUtil
                  -> Bundle-SymbolicName: Library-UltimateUtil; bundle-version="0.0.1"
                     Library-UltimateUtil [13]
                       Unresolved requirement: Require-Capability: osgi.ee; filter:="(&(osgi.ee=JavaSE)(version=1.7))"


!ENTRY BoogiePreprocessor 2 0 2022-10-12 12:22:25.960
!MESSAGE Could not resolve module: BoogiePreprocessor [5]
  Unresolved requirement: Require-Bundle: Library-UltimateUtil
    -> Bundle-SymbolicName: Library-UltimateUtil; bundle-version="0.0.1"
       Library-UltimateUtil [13]
         Unresolved requirement: Require-Capability: osgi.ee; filter:="(&(osgi.ee=JavaSE)(version=1.7))"


!ENTRY ACSLParser 2 0 2022-10-12 12:22:25.960
!MESSAGE Could not resolve module: ACSLParser [1]
  Unresolved requirement: Require-Bundle: ASTBuilder
    -> Bundle-SymbolicName: ASTBuilder; bundle-version="0.0.1"
       ASTBuilder [2]
         Unresolved requirement: Require-Capability: osgi.ee; filter:="(&(osgi.ee=JavaSE)(version=1.7))"


!ENTRY SMTSolverBridge 2 0 2022-10-12 12:22:25.960
!MESSAGE Could not resolve module: SMTSolverBridge [16]
  Unresolved requirement: Require-Bundle: Library-SMTLIB
    -> Bundle-SymbolicName: Library-SMTLIB; bundle-version="0.0.1"
       Library-SMTLIB [12]
         Unresolved requirement: Require-Bundle: Library-UltimateUtil
           -> Bundle-SymbolicName: Library-UltimateUtil; bundle-version="0.0.1"
              Library-UltimateUtil [13]
                Unresolved requirement: Require-Capability: osgi.ee; filter:="(&(osgi.ee=JavaSE)(version=1.7))"


!ENTRY UltimateCore 2 0 2022-10-12 12:22:25.960
!MESSAGE Could not resolve module: UltimateCore [18]
  Unresolved requirement: Require-Bundle: Library-SMTLIB
    -> Bundle-SymbolicName: Library-SMTLIB; bundle-version="0.0.1"
       Library-SMTLIB [12]
         Unresolved requirement: Require-Bundle: Library-UltimateUtil
           -> Bundle-SymbolicName: Library-UltimateUtil; bundle-version="0.0.1"
              Library-UltimateUtil [13]
                Unresolved requirement: Require-Capability: osgi.ee; filter:="(&(osgi.ee=JavaSE)(version=1.7))"


!ENTRY de.uni_freiburg.informatik.ultimate.plugins.analysis.abstractinterpretation 2 0 2022-10-12 12:22:25.961
!MESSAGE Could not resolve module: de.uni_freiburg.informatik.ultimate.plugins.analysis.abstractinterpretation [24]
  Unresolved requirement: Require-Bundle: UltimateCore
    -> Bundle-SymbolicName: UltimateCore; bundle-version="0.0.1"; singleton:="true"
       UltimateCore [18]
         Unresolved requirement: Require-Bundle: Library-SMTLIB
           -> Bundle-SymbolicName: Library-SMTLIB; bundle-version="0.0.1"
              Library-SMTLIB [12]
                Unresolved requirement: Require-Bundle: Library-UltimateUtil
                  -> Bundle-SymbolicName: Library-UltimateUtil; bundle-version="0.0.1"
                     Library-UltimateUtil [13]
                       Unresolved requirement: Require-Capability: osgi.ee; filter:="(&(osgi.ee=JavaSE)(version=1.7))"


!ENTRY org.eclipse.cdt.core.linux 2 0 2022-10-12 12:22:25.961
!MESSAGE Could not resolve module: org.eclipse.cdt.core.linux [45]
  Unresolved requirement: Fragment-Host: org.eclipse.cdt.core.native; bundle-version="[5.7.0,6.0.0)"


!ENTRY de.uni_freiburg.informatik.ultimate.plugins.generator.traceabstractionconcurrent 2 0 2022-10-12 12:22:25.961
!MESSAGE Could not resolve module: de.uni_freiburg.informatik.ultimate.plugins.generator.traceabstractionconcurrent [34]
  Unresolved requirement: Require-Bundle: UltimateCore
    -> Bundle-SymbolicName: UltimateCore; bundle-version="0.0.1"; singleton:="true"
       UltimateCore [18]
         Unresolved requirement: Require-Bundle: Library-SMTLIB
           -> Bundle-SymbolicName: Library-SMTLIB; bundle-version="0.0.1"
              Library-SMTLIB [12]
                Unresolved requirement: Require-Bundle: Library-UltimateUtil
                  -> Bundle-SymbolicName: Library-UltimateUtil; bundle-version="0.0.1"
                     Library-UltimateUtil [13]
                       Unresolved requirement: Require-Capability: osgi.ee; filter:="(&(osgi.ee=JavaSE)(version=1.7))"


!ENTRY de.uni_freiburg.informatik.ultimate.plugins.generator.blockencoding 2 0 2022-10-12 12:22:25.961
!MESSAGE Could not resolve module: de.uni_freiburg.informatik.ultimate.plugins.generator.blockencoding [28]
  Unresolved requirement: Require-Bundle: UltimateCore
    -> Bundle-SymbolicName: UltimateCore; bundle-version="0.0.1"; singleton:="true"
       UltimateCore [18]
         Unresolved requirement: Require-Bundle: Library-SMTLIB
           -> Bundle-SymbolicName: Library-SMTLIB; bundle-version="0.0.1"
              Library-SMTLIB [12]
                Unresolved requirement: Require-Bundle: Library-UltimateUtil
                  -> Bundle-SymbolicName: Library-UltimateUtil; bundle-version="0.0.1"
                     Library-UltimateUtil [13]
                       Unresolved requirement: Require-Capability: osgi.ee; filter:="(&(osgi.ee=JavaSE)(version=1.7))"


!ENTRY de.uni_freiburg.informatik.ultimate.plugins.generator.rcfgbuilder 2 0 2022-10-12 12:22:25.961
!MESSAGE Could not resolve module: de.uni_freiburg.informatik.ultimate.plugins.generator.rcfgbuilder [32]
  Unresolved requirement: Import-Package: de.uni_freiburg.informatik.ultimate.boogie.type
    -> Export-Package: de.uni_freiburg.informatik.ultimate.boogie.type; bundle-symbolic-name="BoogiePreprocessor"; bundle-version="0.0.1"; version="0.0.0"
       BoogiePreprocessor [5]
         Unresolved requirement: Require-Bundle: Library-UltimateUtil
           -> Bundle-SymbolicName: Library-UltimateUtil; bundle-version="0.0.1"
              Library-UltimateUtil [13]
                Unresolved requirement: Require-Capability: osgi.ee; filter:="(&(osgi.ee=JavaSE)(version=1.7))"


!ENTRY UltimateCLI 2 0 2022-10-12 12:22:25.962
!MESSAGE Could not resolve module: UltimateCLI [17]
  Unresolved requirement: Require-Bundle: UltimateCore
    -> Bundle-SymbolicName: UltimateCore; bundle-version="0.0.1"; singleton:="true"
       UltimateCore [18]
         Unresolved requirement: Require-Bundle: Library-SMTLIB
           -> Bundle-SymbolicName: Library-SMTLIB; bundle-version="0.0.1"
              Library-SMTLIB [12]
                Unresolved requirement: Require-Bundle: Library-UltimateUtil
                  -> Bundle-SymbolicName: Library-UltimateUtil; bundle-version="0.0.1"
                     Library-UltimateUtil [13]
                       Unresolved requirement: Require-Capability: osgi.ee; filter:="(&(osgi.ee=JavaSE)(version=1.7))"


!ENTRY org.eclipse.osgi 4 0 2022-10-12 12:22:25.962
!MESSAGE Application error
!STACK 1
org.eclipse.core.runtime.CoreException: Plug-in UltimateCore was unable to load class de.uni_freiburg.informatik.ultimate.core.coreplugin.UltimateCore.
	at org.eclipse.core.internal.registry.osgi.RegistryStrategyOSGI.throwException(RegistryStrategyOSGI.java:194)
	at org.eclipse.core.internal.registry.osgi.RegistryStrategyOSGI.createExecutableExtension(RegistryStrategyOSGI.java:176)
	at org.eclipse.core.internal.registry.ExtensionRegistry.createExecutableExtension(ExtensionRegistry.java:905)
	at org.eclipse.core.internal.registry.ConfigurationElement.createExecutableExtension(ConfigurationElement.java:243)
	at org.eclipse.core.internal.registry.ConfigurationElementHandle.createExecutableExtension(ConfigurationElementHandle.java:55)
	at org.eclipse.equinox.internal.app.EclipseAppHandle.run(EclipseAppHandle.java:191)
	at org.eclipse.core.runtime.internal.adaptor.EclipseAppLauncher.runApplication(EclipseAppLauncher.java:134)
	at org.eclipse.core.runtime.internal.adaptor.EclipseAppLauncher.start(EclipseAppLauncher.java:104)
	at org.eclipse.core.runtime.adaptor.EclipseStarter.run(EclipseStarter.java:380)
	at org.eclipse.core.runtime.adaptor.EclipseStarter.run(EclipseStarter.java:235)
	at java.base/jdk.internal.reflect.NativeMethodAccessorImpl.invoke0(Native Method)
	at java.base/jdk.internal.reflect.NativeMethodAccessorImpl.invoke(NativeMethodAccessorImpl.java:62)
	at java.base/jdk.internal.reflect.DelegatingMethodAccessorImpl.invoke(DelegatingMethodAccessorImpl.java:43)
	at java.base/java.lang.reflect.Method.invoke(Method.java:566)
	at org.eclipse.equinox.launcher.Main.invokeFramework(Main.java:648)
	at org.eclipse.equinox.launcher.Main.basicRun(Main.java:603)
	at org.eclipse.equinox.launcher.Main.run(Main.java:1465)
	at org.eclipse.equinox.launcher.Main.main(Main.java:1438)
Caused by: java.lang.ClassNotFoundException: No class loader available for the bundle: UltimateCore_0.0.1 [18]
	at org.eclipse.osgi.internal.framework.EquinoxBundle.loadClass(EquinoxBundle.java:582)
	at org.eclipse.core.internal.registry.osgi.RegistryStrategyOSGI.createExecutableExtension(RegistryStrategyOSGI.java:174)
	... 16 more
